2016-12-02 11:31:25:254 DEBUG main [54] com.cybbj.pojo.TestMapper.selectTest1 - ==>  Preparing: select * from test 
2016-12-02 11:31:25:275 DEBUG main [54] com.cybbj.pojo.TestMapper.selectTest1 - ==> Parameters: 
2016-12-02 11:31:25:291 DEBUG main [59] com.cybbj.pojo.TestMapper.selectTest1 - <==    Columns: col1, col2
2016-12-02 11:31:25:291 DEBUG main [59] com.cybbj.pojo.TestMapper.selectTest1 - <==        Row: 1, val1
2016-12-02 11:31:25:306 DEBUG main [59] com.cybbj.pojo.TestMapper.selectTest1 - <==        Row: 2, val2
2016-12-02 11:31:25:306 DEBUG main [54] com.cybbj.pojo.TestMapper.selectTest1 - <==      Total: 2
2016-12-02 11:31:25:447 DEBUG main [54] com.cybbj.test2.TestMapper.selectTest1 - ==>  Preparing: select * from test where col1=? 
2016-12-02 11:31:25:463 DEBUG main [54] com.cybbj.test2.TestMapper.selectTest1 - ==> Parameters: 1(Integer)
2016-12-02 11:31:25:463 DEBUG main [59] com.cybbj.test2.TestMapper.selectTest1 - <==    Columns: col1, col2
2016-12-02 11:31:25:463 DEBUG main [59] com.cybbj.test2.TestMapper.selectTest1 - <==        Row: 1, val1
2016-12-02 11:31:25:463 DEBUG main [54] com.cybbj.test2.TestMapper.selectTest1 - <==      Total: 1
2016-12-02 11:31:25:619 DEBUG main [54] com.cybbj.test3.InterfacePojo.selList - ==>  Preparing: select * from test 
2016-12-02 11:31:25:619 DEBUG main [54] com.cybbj.test3.InterfacePojo.selList - ==> Parameters: 
2016-12-02 11:31:25:619 DEBUG main [59] com.cybbj.test3.InterfacePojo.selList - <==    Columns: col1, col2
2016-12-02 11:31:25:619 DEBUG main [59] com.cybbj.test3.InterfacePojo.selList - <==        Row: 1, val1
2016-12-02 11:31:25:619 DEBUG main [59] com.cybbj.test3.InterfacePojo.selList - <==        Row: 2, val2
2016-12-02 11:31:25:619 DEBUG main [54] com.cybbj.test3.InterfacePojo.selList - <==      Total: 2
2016-12-02 11:31:25:760 DEBUG main [54] com.cybbj.test4.OrderMapper.getOrderById2 - ==>  Preparing: select * from t_order where i_id=? 
2016-12-02 11:31:25:760 DEBUG main [54] com.cybbj.test4.OrderMapper.getOrderById2 - ==> Parameters: 1(Integer)
2016-12-02 11:31:25:775 DEBUG main [59] com.cybbj.test4.OrderMapper.getOrderById2 - <==    Columns: i_id, v_order_name, v_order_no
2016-12-02 11:31:25:775 DEBUG main [59] com.cybbj.test4.OrderMapper.getOrderById2 - <==        Row: 1, 订单1, order_1
2016-12-02 11:31:25:775 DEBUG main [54] com.cybbj.test4.OrderMapper.getOrderById2 - <==      Total: 1
2016-12-02 11:31:25:931 DEBUG main [54] com.cybbj.test4.OrderMapper.getOrderById - ==>  Preparing: select i_id id,v_order_name orderName,v_order_no orderNo from t_order where i_id=? 
2016-12-02 11:31:25:931 DEBUG main [54] com.cybbj.test4.OrderMapper.getOrderById - ==> Parameters: 1(Integer)
2016-12-02 11:31:25:947 DEBUG main [59] com.cybbj.test4.OrderMapper.getOrderById - <==    Columns: id, orderName, orderNo
2016-12-02 11:31:25:947 DEBUG main [59] com.cybbj.test4.OrderMapper.getOrderById - <==        Row: 1, 订单1, order_1
2016-12-02 11:31:25:947 DEBUG main [54] com.cybbj.test4.OrderMapper.getOrderById - <==      Total: 1
2016-12-02 11:31:26:088 DEBUG main [54] com.cybbj.test5.ClassMapper.getClassById - ==>  Preparing: select * from t_classes c,t_teacher t where c.i_teacher_id=t.i_id and c.i_id=? 
2016-12-02 11:31:26:088 DEBUG main [54] com.cybbj.test5.ClassMapper.getClassById - ==> Parameters: 1(Integer)
2016-12-02 11:31:26:103 DEBUG main [59] com.cybbj.test5.ClassMapper.getClassById - <==    Columns: i_id, v_class_no, v_class_name, i_teacher_id, i_id, v_teacher_no, v_teacher_name
2016-12-02 11:31:26:103 DEBUG main [59] com.cybbj.test5.ClassMapper.getClassById - <==        Row: 1, class_1, name1, 1, 1, teacher_1, ls1
2016-12-02 11:31:26:103 DEBUG main [54] com.cybbj.test5.ClassMapper.getClassById - <==      Total: 1
2016-12-02 11:31:26:103 DEBUG main [54] com.cybbj.test5.ClassMapper.getClassById2 - ==>  Preparing: select * from t_classes c where c.i_id=? 
2016-12-02 11:31:26:103 DEBUG main [54] com.cybbj.test5.ClassMapper.getClassById2 - ==> Parameters: 2(Integer)
2016-12-02 11:31:26:103 DEBUG main [59] com.cybbj.test5.ClassMapper.getClassById2 - <==    Columns: i_id, v_class_no, v_class_name, i_teacher_id
2016-12-02 11:31:26:103 DEBUG main [59] com.cybbj.test5.ClassMapper.getClassById2 - <==        Row: 2, class_2, name2, 2
2016-12-02 11:31:26:103 DEBUG main [54] com.cybbj.test5.ClassMapper.getTeacherById2 - ====>  Preparing: select t.i_id id,t.v_teacher_no teacherNo,t.v_teacher_name teacherName from t_teacher t where t.i_id=? 
2016-12-02 11:31:26:103 DEBUG main [54] com.cybbj.test5.ClassMapper.getTeacherById2 - ====> Parameters: 2(Integer)
2016-12-02 11:31:26:119 DEBUG main [59] com.cybbj.test5.ClassMapper.getTeacherById2 - <====    Columns: id, teacherNo, teacherName
2016-12-02 11:31:26:119 DEBUG main [59] com.cybbj.test5.ClassMapper.getTeacherById2 - <====        Row: 2, teacher_2, ls2
2016-12-02 11:31:26:119 DEBUG main [54] com.cybbj.test5.ClassMapper.getTeacherById2 - <====      Total: 1
2016-12-02 11:31:26:119 DEBUG main [54] com.cybbj.test5.ClassMapper.getClassById2 - <==      Total: 1
2016-12-02 11:31:26:260 DEBUG main [54] com.cybbj.test6.ClassMapper.getClassById2 - ==>  Preparing: select * from t_classes where i_id=? 
2016-12-02 11:31:26:265 DEBUG main [54] com.cybbj.test6.ClassMapper.getClassById2 - ==> Parameters: 2(Integer)
2016-12-02 11:31:26:266 DEBUG main [59] com.cybbj.test6.ClassMapper.getClassById2 - <==    Columns: i_id, v_class_no, v_class_name, i_teacher_id
2016-12-02 11:31:26:266 DEBUG main [59] com.cybbj.test6.ClassMapper.getClassById2 - <==        Row: 2, class_2, name2, 2
2016-12-02 11:31:26:266 DEBUG main [54] com.cybbj.test6.ClassMapper.getTeacher - ====>  Preparing: select i_id id,v_teacher_no teacherNo,v_teacher_name teacherName from t_teacher where i_id=? 
2016-12-02 11:31:26:266 DEBUG main [54] com.cybbj.test6.ClassMapper.getTeacher - ====> Parameters: 2(Integer)
2016-12-02 11:31:26:282 DEBUG main [59] com.cybbj.test6.ClassMapper.getTeacher - <====    Columns: id, teacherNo, teacherName
2016-12-02 11:31:26:282 DEBUG main [59] com.cybbj.test6.ClassMapper.getTeacher - <====        Row: 2, teacher_2, ls2
2016-12-02 11:31:26:282 DEBUG main [54] com.cybbj.test6.ClassMapper.getTeacher - <====      Total: 1
2016-12-02 11:31:26:282 DEBUG main [54] com.cybbj.test6.ClassMapper.getStudent - ====>  Preparing: select i_id id,v_name name from t_student where i_class_id=? 
2016-12-02 11:31:26:282 DEBUG main [54] com.cybbj.test6.ClassMapper.getStudent - ====> Parameters: 2(Integer)
2016-12-02 11:31:26:297 DEBUG main [59] com.cybbj.test6.ClassMapper.getStudent - <====    Columns: id, name
2016-12-02 11:31:26:297 DEBUG main [59] com.cybbj.test6.ClassMapper.getStudent - <====        Row: 3, stu3
2016-12-02 11:31:26:297 DEBUG main [59] com.cybbj.test6.ClassMapper.getStudent - <====        Row: 4, stu4
2016-12-02 11:31:26:297 DEBUG main [54] com.cybbj.test6.ClassMapper.getStudent - <====      Total: 2
2016-12-02 11:31:26:297 DEBUG main [54] com.cybbj.test6.ClassMapper.getClassById2 - <==      Total: 1
2016-12-02 11:31:26:438 DEBUG main [54] com.cybbj.test7.UserMapper.getUserByConditionBind - ==>  Preparing: select i_id id,v_name name,i_age age from t_user where v_name like ? 
2016-12-02 11:31:26:438 DEBUG main [54] com.cybbj.test7.UserMapper.getUserByConditionBind - ==> Parameters: %洗%(String)
2016-12-02 11:31:26:454 DEBUG main [59] com.cybbj.test7.UserMapper.getUserByConditionBind - <==    Columns: id, name, age
2016-12-02 11:31:26:454 DEBUG main [59] com.cybbj.test7.UserMapper.getUserByConditionBind - <==        Row: 2, 洗黎, 24
2016-12-02 11:31:26:454 DEBUG main [54] com.cybbj.test7.UserMapper.getUserByConditionBind - <==      Total: 1
2016-12-02 11:31:27:282 DEBUG main [54] com.cybbj.test9.UserDaoInterface.insertUser - ==>  Preparing: insert into t_user(v_name,i_age) values(?,?) 
2016-12-02 11:31:27:295 DEBUG main [54] com.cybbj.test9.UserDaoInterface.insertUser - ==> Parameters: 桥旺(String), 28(Integer)
2016-12-02 11:31:27:311 DEBUG main [54] com.cybbj.test9.UserDaoInterface.insertUser - <==    Updates: 1
